c:\users\s171011\documents\computergraphicsengine\openglengine\openglengome\x64\debug\vc141.pdb
c:\users\s171011\documents\computergraphicsengine\openglengine\openglengome\x64\debug\vc141.idb
c:\users\s171011\documents\computergraphicsengine\openglengine\openglengome\x64\debug\gl_core_4_4.obj
c:\users\s171011\documents\computergraphicsengine\openglengine\openglengome\x64\debug\camera.obj
c:\users\s171011\documents\computergraphicsengine\openglengine\openglengome\x64\debug\firstpersoncamera.obj
c:\users\s171011\documents\computergraphicsengine\openglengine\openglengome\x64\debug\gizmos.obj
c:\users\s171011\documents\computergraphicsengine\openglengine\openglengome\x64\debug\main.obj
c:\users\s171011\documents\computergraphicsengine\openglengine\openglengome\x64\debug\mesh.obj
c:\users\s171011\documents\computergraphicsengine\openglengine\openglengome\x64\debug\myapplication.obj
c:\users\s171011\documents\computergraphicsengine\openglengine\openglengome\x64\debug\objmesh.obj
c:\users\s171011\documents\computergraphicsengine\openglengine\openglengome\x64\debug\orbitingcamera.obj
c:\users\s171011\documents\computergraphicsengine\openglengine\openglengome\x64\debug\shader.obj
c:\users\s171011\documents\computergraphicsengine\openglengine\openglengome\x64\debug\texture.obj
c:\users\s171011\documents\computergraphicsengine\openglengine\x64\debug\openglengineassessment.exe
c:\users\s171011\documents\computergraphicsengine\openglengine\x64\debug\openglengineassessment.ilk
c:\users\s171011\documents\computergraphicsengine\openglengine\x64\debug\openglengineassessment.pdb
c:\users\s171011\documents\computergraphicsengine\openglengine\openglengome\x64\debug\openglen.f594dcf5.tlog\cl.command.1.tlog
c:\users\s171011\documents\computergraphicsengine\openglengine\openglengome\x64\debug\openglen.f594dcf5.tlog\cl.read.1.tlog
c:\users\s171011\documents\computergraphicsengine\openglengine\openglengome\x64\debug\openglen.f594dcf5.tlog\cl.write.1.tlog
c:\users\s171011\documents\computergraphicsengine\openglengine\openglengome\x64\debug\openglen.f594dcf5.tlog\link.command.1.tlog
c:\users\s171011\documents\computergraphicsengine\openglengine\openglengome\x64\debug\openglen.f594dcf5.tlog\link.read.1.tlog
c:\users\s171011\documents\computergraphicsengine\openglengine\openglengome\x64\debug\openglen.f594dcf5.tlog\link.write.1.tlog
